Started by timer
Building in workspace /Users/eyhuellou/.jenkins/workspace/BACKUP_SG_EER_V1_uat1
[BACKUP_SG_EER_V1_uat1] $ /bin/bash /var/folders/gt/g1w83nxn221gj64bkcmp78rdz9w7j0/T/hudson815665933848042411.sh
LAUNCH
Starting RetrieveAllFromOrg
/Library/Java/JavaVirtualMachines/jdk1.8.0_111.jdk/Contents/Home/
/Users/eyhuellou/Documents/BACKUP/ANT/apache-ant-1.9.8/
Retrieving metadata from uat1
Buildfile: /Users/eyhuellou/Documents/BACKUP/SF_METADATA/ANT_SGEER/PROJET_V1/FOR_BACKUP/Salesforce_Deploy_Toolbox.xml

generatePackageXml:
     [echo] --------------uat1
     [echo] --------------package.xml
     [echo] --------------35
[sf:describeMetadata] Note: use ant -verbose to get more information on the failure

BUILD FAILED
/Users/eyhuellou/Documents/BACKUP/SF_METADATA/ANT_SGEER/PROJET_V1/FOR_BACKUP/Salesforce_Deploy_Toolbox.xml:116: The following error occurred while executing this line:
/Users/eyhuellou/Documents/BACKUP/SF_METADATA/ANT_SGEER/PROJET_V1/FOR_BACKUP/Salesforce_Deploy_Toolbox.xml:1210: The following error occurred while executing this line:
/Users/eyhuellou/Documents/BACKUP/SF_METADATA/ANT_SGEER/PROJET_V1/FOR_BACKUP/Salesforce_Deploy_Toolbox.xml:968: Failed to login: Failed to send request to https://test.salesforce.com/services/Soap/u/40.0

Total time: 5 seconds
Build step 'Execute shell' marked build as failure
Finished: FAILURE
